<?xml version="1.0" encoding="UTF-8"?>
<!-- Generated by org.testng.reporters.JUnitReportReporter -->
<testsuite hostname="TYSS-Apoorva" failures="0" tests="5" name="workingWithUnitTestingTool.WorkingWithDependsOnMethod" time="0.041" errors="0" timestamp="2024-03-07T15:40:09 IST" skipped="0">
  <testcase classname="workingWithUnitTestingTool.WorkingWithDependsOnMethod" name="login" time="0.001"/>
  <system-out/>
  <testcase classname="workingWithUnitTestingTool.WorkingWithDependsOnMethod" name="payment" time="0.004"/>
  <system-out/>
  <testcase classname="workingWithUnitTestingTool.WorkingWithDependsOnMethod" name="cart" time="0.001"/>
  <system-out/>
  <testcase classname="workingWithUnitTestingTool.WorkingWithDependsOnMethod" name="search" time="0.004"/>
  <system-out/>
  <testcase classname="workingWithUnitTestingTool.WorkingWithDependsOnMethod" name="register" time="0.031"/>
  <system-out/>
</testsuite> <!-- workingWithUnitTestingTool.WorkingWithDependsOnMethod -->
