<?xml version="1.0" encoding="UTF-8"?>
<!-- Generated by org.testng.reporters.JUnitReportReporter -->
<testsuite hostname="TYSS-Apoorva" failures="0" tests="1" name="workingWithUnitTestingTool.Group" time="27.930" errors="0" timestamp="2024-03-08T17:59:05 IST" skipped="0">
  <testcase classname="workingWithUnitTestingTool.Group" name="payment" time="27.930"/>
  <system-out/>
</testsuite> <!-- workingWithUnitTestingTool.Group -->
