<?xml version="1.0" encoding="UTF-8"?>
<!-- Generated by org.testng.reporters.JUnitReportReporter -->
<testsuite hostname="TYSS-Apoorva" failures="0" tests="1" name="testSript.ToRunKinder" time="44.493" errors="0" timestamp="2024-03-12T16:29:48 IST" skipped="0">
  <testcase classname="testSript.ToRunKinder" name="kinder" time="44.493"/>
  <system-out/>
</testsuite> <!-- testSript.ToRunKinder -->
