<?xml version="1.0" encoding="UTF-8"?>
<!-- Generated by org.testng.reporters.JUnitReportReporter -->
<testsuite hostname="TYSS-Apoorva" failures="0" tests="1" name="wokingWithPom.Program2" time="13.969" errors="0" timestamp="2024-03-20T15:23:33 IST" skipped="0">
  <testcase classname="wokingWithPom.Program2" name="searchProduct" time="13.969"/>
  <system-out/>
</testsuite> <!-- wokingWithPom.Program2 -->
