<?xml version="1.0" encoding="UTF-8"?>
<!-- Generated by org.testng.reporters.JUnitReportReporter -->
<testsuite hostname="TYSS-Apoorva" failures="0" tests="1" name="testSript.ToRunHp" time="16.361" errors="0" timestamp="2024-03-12T16:29:48 IST" skipped="0">
  <testcase classname="testSript.ToRunHp" name="hp" time="16.361"/>
  <system-out/>
</testsuite> <!-- testSript.ToRunHp -->
