<?xml version="1.0" encoding="UTF-8"?>
<!-- Generated by org.testng.reporters.JUnitReportReporter -->
<testsuite hostname="TYSS-Apoorva" failures="0" tests="8" name="workingWithUnitTestingTool.WorkingWithPriority" time="0.057" errors="0" timestamp="2024-03-07T15:50:44 IST" skipped="1">
  <testcase classname="workingWithUnitTestingTool.WorkingWithPriority" name="run" time="0.002"/>
  <system-out/>
  <testcase classname="workingWithUnitTestingTool.WorkingWithPriority" name="register" time="0.004"/>
  <system-out/>
  <testcase classname="workingWithUnitTestingTool.WorkingWithPriority" name="searchProduct" time="0.002"/>
  <system-out/>
  <testcase classname="workingWithUnitTestingTool.WorkingWithPriority" name="login" time="0.038"/>
  <system-out/>
  <testcase classname="workingWithUnitTestingTool.WorkingWithPriority" name="addToCart" time="0.003"/>
  <system-out/>
  <testcase classname="workingWithUnitTestingTool.WorkingWithPriority" name="payment" time="0.007"/>
  <system-out/>
  <testcase classname="workingWithUnitTestingTool.WorkingWithPriority" name="closeTheApp" time="0.001"/>
  <system-out/>
  <testcase classname="workingWithUnitTestingTool.WorkingWithPriority" name="testCase">
    <skipped/>
  </testcase> <!-- testCase -->
  <system-out/>
</testsuite> <!-- workingWithUnitTestingTool.WorkingWithPriority -->
