<?xml version="1.0" encoding="UTF-8"?>
<!-- Generated by org.testng.reporters.JUnitReportReporter -->
<testsuite hostname="TYSS-Apoorva" failures="0" tests="3" name="workingWithUnitTestingTool.WorkingWithChronologicalOrder" time="0.044" errors="0" timestamp="2024-03-08T16:14:51 IST" skipped="0">
  <testcase classname="workingWithUnitTestingTool.WorkingWithChronologicalOrder" name="test1" time="0.015"/>
  <system-out/>
  <testcase classname="workingWithUnitTestingTool.WorkingWithChronologicalOrder" name="test2" time="0.022"/>
  <system-out/>
  <testcase classname="workingWithUnitTestingTool.WorkingWithChronologicalOrder" name="test3" time="0.007"/>
  <system-out/>
</testsuite> <!-- workingWithUnitTestingTool.WorkingWithChronologicalOrder -->
