<?xml version="1.0" encoding="UTF-8"?>
<!-- Generated by org.testng.reporters.JUnitReportReporter -->
<testsuite hostname="TYSS-Apoorva" failures="0" tests="1" name="testSript.ToRunCadbury" time="42.194" errors="0" timestamp="2024-03-12T16:29:48 IST" skipped="0">
  <testcase classname="testSript.ToRunCadbury" name="cadbury" time="42.194"/>
  <system-out/>
</testsuite> <!-- testSript.ToRunCadbury -->
