<?xml version="1.0" encoding="UTF-8"?>
<!-- Generated by org.testng.reporters.JUnitReportReporter -->
<testsuite hostname="TYSS-Apoorva" failures="0" tests="1" name="wokingWithPom.Tc_Demo_003" time="4.134" errors="0" timestamp="2024-03-19T16:03:31 IST" skipped="0">
  <testcase classname="wokingWithPom.Tc_Demo_003" name="searchProduct" time="4.134"/>
  <system-out/>
</testsuite> <!-- wokingWithPom.Tc_Demo_003 -->
