<?xml version="1.0" encoding="UTF-8"?>
<!-- Generated by org.testng.reporters.JUnitReportReporter -->
<testsuite hostname="TYSS-Apoorva" failures="0" tests="3" name="workingWithUnitTestingTool.WorkingWithDependGroups" time="71.816" errors="0" timestamp="2024-03-08T17:59:05 IST" skipped="0">
  <testcase classname="workingWithUnitTestingTool.WorkingWithDependGroups" name="realme" time="34.700"/>
  <system-out/>
  <testcase classname="workingWithUnitTestingTool.WorkingWithDependGroups" name="motorola" time="28.883"/>
  <system-out/>
  <testcase classname="workingWithUnitTestingTool.WorkingWithDependGroups" name="samsung" time="8.233"/>
  <system-out/>
</testsuite> <!-- workingWithUnitTestingTool.WorkingWithDependGroups -->
