<?xml version="1.0" encoding="UTF-8"?>
<!-- Generated by org.testng.reporters.JUnitReportReporter -->
<testsuite hostname="TYSS-Apoorva" failures="0" tests="6" name="workingWithUnitTestingTool.ToReadmultipleDataForDemoWebShop" time="66.803" errors="0" timestamp="2024-03-16T16:31:10 IST" skipped="0">
  <testcase classname="workingWithUnitTestingTool.ToReadmultipleDataForDemoWebShop" name="registerUser" time="10.423"/>
  <system-out/>
  <testcase classname="workingWithUnitTestingTool.ToReadmultipleDataForDemoWebShop" name="registerUser" time="10.865"/>
  <system-out/>
  <testcase classname="workingWithUnitTestingTool.ToReadmultipleDataForDemoWebShop" name="registerUser" time="10.587"/>
  <system-out/>
  <testcase classname="workingWithUnitTestingTool.ToReadmultipleDataForDemoWebShop" name="registerUser" time="10.697"/>
  <system-out/>
  <testcase classname="workingWithUnitTestingTool.ToReadmultipleDataForDemoWebShop" name="registerUser" time="10.313"/>
  <system-out/>
  <testcase classname="workingWithUnitTestingTool.ToReadmultipleDataForDemoWebShop" name="registerUser" time="13.918"/>
  <system-out/>
</testsuite> <!-- workingWithUnitTestingTool.ToReadmultipleDataForDemoWebShop -->
