<?xml version="1.0" encoding="UTF-8"?>
<!-- Generated by org.testng.reporters.JUnitReportReporter -->
<testsuite hostname="TYSS-Apoorva" failures="0" tests="1" name="wokingWithPom.Tc_Reg_001" time="1.430" errors="0" timestamp="2024-03-19T15:52:20 IST" skipped="0">
  <testcase classname="wokingWithPom.Tc_Reg_001" name="register" time="1.430"/>
  <system-out/>
</testsuite> <!-- wokingWithPom.Tc_Reg_001 -->
