<?xml version="1.0" encoding="UTF-8"?>
<!-- Generated by org.testng.reporters.JUnitReportReporter -->
<testsuite hostname="TYSS-Apoorva" failures="0" tests="3" name="workingWithUnitTestingTool.Basics" time="41.112" errors="0" timestamp="2024-03-06T17:04:44 IST" skipped="0">
  <testcase classname="workingWithUnitTestingTool.Basics" name="run" time="20.545"/>
  <system-out/>
  <testcase classname="workingWithUnitTestingTool.Basics" name="run" time="9.451"/>
  <system-out/>
  <testcase classname="workingWithUnitTestingTool.Basics" name="run" time="11.116"/>
  <system-out/>
</testsuite> <!-- workingWithUnitTestingTool.Basics -->
