<?xml version="1.0" encoding="UTF-8"?>
<!-- Generated by org.testng.reporters.JUnitReportReporter -->
<testsuite hostname="TYSS-Apoorva" failures="0" tests="1" name="workingWithUnitTestingTool.WorkingWithCrossBrowserTesting" time="11.146" errors="0" timestamp="2024-03-13T15:28:32 IST" skipped="0">
  <testcase classname="workingWithUnitTestingTool.WorkingWithCrossBrowserTesting" name="browser" time="11.146"/>
  <system-out/>
</testsuite> <!-- workingWithUnitTestingTool.WorkingWithCrossBrowserTesting -->
