<?xml version="1.0" encoding="UTF-8"?>
<!-- Generated by org.testng.reporters.JUnitReportReporter -->
<testsuite hostname="TYSS-Apoorva" failures="0" tests="1" name="workingWithTestngProject.TC_Demo_001" time="16.325" errors="0" timestamp="2024-03-15T16:46:39 IST" skipped="0">
  <testcase classname="workingWithTestngProject.TC_Demo_001" name="validate_that_user_is_able_to_click_on_Wishlist_link" time="16.325"/>
  <system-out>
User is able to click on WishList Link  </system-out>
</testsuite> <!-- workingWithTestngProject.TC_Demo_001 -->
