<?xml version="1.0" encoding="UTF-8"?>
<!-- Generated by org.testng.reporters.JUnitReportReporter -->
<testsuite hostname="TYSS-Apoorva" failures="0" tests="1" name="workingWithUnitTestingTool.WorkingWithDataProvider" time="0.000" errors="0" timestamp="2024-03-16T15:43:34 IST" skipped="1">
  <testcase classname="workingWithUnitTestingTool.WorkingWithDataProvider" name="detaDemo" time="0.000">
    <skipped/>
  </testcase> <!-- detaDemo -->
  <system-out/>
</testsuite> <!-- workingWithUnitTestingTool.WorkingWithDataProvider -->
