<?xml version="1.0" encoding="UTF-8"?>
<!-- Generated by org.testng.reporters.JUnitReportReporter -->
<testsuite hostname="TYSS-Apoorva" failures="0" tests="3" name="genricLib.ToReadMultiplevalue" time="19.206" errors="0" timestamp="2024-03-18T16:39:13 IST" skipped="0">
  <testcase classname="genricLib.ToReadMultiplevalue" name="login" time="6.004"/>
  <system-out/>
  <testcase classname="genricLib.ToReadMultiplevalue" name="login" time="6.028"/>
  <system-out/>
  <testcase classname="genricLib.ToReadMultiplevalue" name="login" time="7.174"/>
  <system-out/>
</testsuite> <!-- genricLib.ToReadMultiplevalue -->
