<?xml version="1.0" encoding="UTF-8"?>
<!-- Generated by org.testng.reporters.JUnitReportReporter -->
<testsuite hostname="TYSS-Apoorva" failures="0" tests="1" name="genricLib.ToReadDataFromExceSingleData" time="9.424" errors="0" timestamp="2024-03-18T16:07:38 IST" skipped="0">
  <testcase classname="genricLib.ToReadDataFromExceSingleData" name="toOpenDemoWebshop" time="9.424"/>
  <system-out/>
</testsuite> <!-- genricLib.ToReadDataFromExceSingleData -->
