<?xml version="1.0" encoding="UTF-8"?>
<!-- Generated by org.testng.reporters.JUnitReportReporter -->
<testsuite hostname="TYSS-Apoorva" failures="0" tests="1" name="genricLib.ToReadDataFromPropFile" time="7.408" errors="0" timestamp="2024-03-18T15:39:27 IST" skipped="0">
  <testcase classname="genricLib.ToReadDataFromPropFile" name="toOpenDemoWebshop" time="7.408"/>
  <system-out/>
</testsuite> <!-- genricLib.ToReadDataFromPropFile -->
